<?xml version="1.0" encoding="UTF-8"?>
<!-- Generated by org.testng.reporters.JUnitReportReporter -->
<testsuite hostname="DESKTOP-4HHL6AL" failures="0" tests="1" name="test_scripts.FacebookRunner" time="19.139" errors="0" timestamp="2023-10-26T09:25:26 IST" skipped="0">
  <testcase classname="test_scripts.FacebookRunner" name="run" time="19.139"/>
</testsuite> <!-- test_scripts.FacebookRunner -->
