<?xml version="1.0" encoding="UTF-8"?>
<!-- Generated by org.testng.reporters.JUnitReportReporter -->
<testsuite hostname="DESKTOP-4HHL6AL" failures="0" tests="1" name="test_scripts.IncognitoLaunch" time="9.503" errors="0" timestamp="2023-10-26T09:33:34 IST" skipped="0">
  <testcase classname="test_scripts.IncognitoLaunch" name="test1" time="9.503"/>
</testsuite> <!-- test_scripts.IncognitoLaunch -->
